# JRE version: OpenJDK Runtime Environment Temurin-21.0.10+7 (21.0.10+7) (build 21.0.10+7-LTS)
# Java VM: OpenJDK 64-Bit Server VM Temurin-21.0.10+7 (21.0.10+7-LTS, mixed mode, sharing, tiered, compressed oops, compressed class ptrs, parallel gc, windows-amd64)
GC Precious Log:
 CardTable entry size: 512
 CPUs: 12 total, 12 available
 Memory: 7830M
 Large Page Support: Disabled
 NUMA Support: Disabled
 Compressed Oops: Enabled (32-bit)
 Alignments: Space 512K, Generation 512K, Heap 2M
 Heap Min Capacity: 100M
 Heap Initial Capacity: 100M
 Heap Max Capacity: 2G
 Pre-touch: Disabled
 Parallel Workers: 10
Heap:
 PSYoungGen      total 18432K, used 9965K [0x00000000d5580000, 0x00000000d6a80000, 0x0000000100000000)
  eden space 16896K, 52% used [0x00000000d5580000,0x00000000d5e2e0a0,0x00000000d6600000)
  from space 1536K, 70% used [0x00000000d6700000,0x00000000d680d430,0x00000000d6880000)
  to   space 1536K, 0% used [0x00000000d6900000,0x00000000d6900000,0x00000000d6a80000)
 ParOldGen       total 90112K, used 76453K [0x0000000080000000, 0x0000000085800000, 0x00000000d5580000)
  object space 90112K, 84% used [0x0000000080000000,0x0000000084aa97b0,0x0000000085800000)
 Metaspace       used 66253K, committed 67904K, reserved 1114112K
  class space    used 7022K, committed 7744K, reserved 1048576K
GC Heap History (20 events):
Event: 62.486 GC heap before
{Heap before GC invocations=87 (full 3):
 PSYoungGen      total 19968K, used 384K [0x00000000d5580000, 0x00000000d6a80000, 0x0000000100000000)
  eden space 19456K, 0% used [0x00000000d5580000,0x00000000d5580000,0x00000000d6880000)
  from space 512K, 75% used [0x00000000d6a00000,0x00000000d6a60010,0x00000000d6a80000)
  to   space 1024K, 0% used [0x00000000d6880000,0x00000000d6880000,0x00000000d6980000)
 ParOldGen       total 90112K, used 89699K [0x0000000080000000, 0x0000000085800000, 0x00000000d5580000)
  object space 90112K, 99% used [0x0000000080000000,0x0000000085798f68,0x0000000085800000)
 Metaspace       used 58336K, committed 59776K, reserved 1114112K
  class space    used 6190K, committed 6848K, reserved 1048576K
}
Event: 63.099 GC heap after
{Heap after GC invocations=87 (full 3):
 PSYoungGen      total 19968K, used 0K [0x00000000d5580000, 0x00000000d6a80000, 0x0000000100000000)
  eden space 19456K, 0% used [0x00000000d5580000,0x00000000d5580000,0x00000000d6880000)
  from space 512K, 0% used [0x00000000d6a00000,0x00000000d6a00000,0x00000000d6a80000)
  to   space 1024K, 0% used [0x00000000d6880000,0x00000000d6880000,0x00000000d6980000)
 ParOldGen       total 90112K, used 67608K [0x0000000080000000, 0x0000000085800000, 0x00000000d5580000)
  object space 90112K, 75% used [0x0000000080000000,0x00000000842062a0,0x0000000085800000)
 Metaspace       used 58332K, committed 59776K, reserved 1114112K
  class space    used 6189K, committed 6848K, reserved 1048576K
}
Event: 63.981 GC heap before
{Heap before GC invocations=88 (full 3):
 PSYoungGen      total 19968K, used 19456K [0x00000000d5580000, 0x00000000d6a80000, 0x0000000100000000)
  eden space 19456K, 100% used [0x00000000d5580000,0x00000000d6880000,0x00000000d6880000)
  from space 512K, 0% used [0x00000000d6a00000,0x00000000d6a00000,0x00000000d6a80000)
  to   space 1024K, 0% used [0x00000000d6880000,0x00000000d6880000,0x00000000d6980000)
 ParOldGen       total 90112K, used 67608K [0x0000000080000000, 0x0000000085800000, 0x00000000d5580000)
  object space 90112K, 75% used [0x0000000080000000,0x00000000842062a0,0x0000000085800000)
 Metaspace       used 59302K, committed 60864K, reserved 1114112K
  class space    used 6290K, committed 6976K, reserved 1048576K
}
Event: 64.001 GC heap after
{Heap after GC invocations=88 (full 3):
 PSYoungGen      total 20480K, used 698K [0x00000000d5580000, 0x00000000d6a80000, 0x0000000100000000)
  eden space 19456K, 0% used [0x00000000d5580000,0x00000000d5580000,0x00000000d6880000)
  from space 1024K, 68% used [0x00000000d6880000,0x00000000d692e988,0x00000000d6980000)
  to   space 1024K, 0% used [0x00000000d6980000,0x00000000d6980000,0x00000000d6a80000)
 ParOldGen       total 90112K, used 67616K [0x0000000080000000, 0x0000000085800000, 0x00000000d5580000)
  object space 90112K, 75% used [0x0000000080000000,0x00000000842082a0,0x0000000085800000)
 Metaspace       used 59302K, committed 60864K, reserved 1114112K
  class space    used 6290K, committed 6976K, reserved 1048576K
}
Event: 64.464 GC heap before
{Heap before GC invocations=89 (full 3):
 PSYoungGen      total 20480K, used 20154K [0x00000000d5580000, 0x00000000d6a80000, 0x0000000100000000)
  eden space 19456K, 100% used [0x00000000d5580000,0x00000000d6880000,0x00000000d6880000)
  from space 1024K, 68% used [0x00000000d6880000,0x00000000d692e988,0x00000000d6980000)
  to   space 1024K, 0% used [0x00000000d6980000,0x00000000d6980000,0x00000000d6a80000)
 ParOldGen       total 90112K, used 67616K [0x0000000080000000, 0x0000000085800000, 0x00000000d5580000)
  object space 90112K, 75% used [0x0000000080000000,0x00000000842082a0,0x0000000085800000)
 Metaspace       used 60364K, committed 61888K, reserved 1114112K
  class space    used 6390K, committed 7104K, reserved 1048576K
}
Event: 64.467 GC heap after
{Heap after GC invocations=89 (full 3):
 PSYoungGen      total 17920K, used 1006K [0x00000000d5580000, 0x00000000d6f80000, 0x0000000100000000)
  eden space 16896K, 0% used [0x00000000d5580000,0x00000000d5580000,0x00000000d6600000)
  from space 1024K, 98% used [0x00000000d6980000,0x00000000d6a7bbd8,0x00000000d6a80000)
  to   space 3584K, 0% used [0x00000000d6600000,0x00000000d6600000,0x00000000d6980000)
 ParOldGen       total 90112K, used 69386K [0x0000000080000000, 0x0000000085800000, 0x00000000d5580000)
  object space 90112K, 77% used [0x0000000080000000,0x00000000843c2940,0x0000000085800000)
 Metaspace       used 60364K, committed 61888K, reserved 1114112K
  class space    used 6390K, committed 7104K, reserved 1048576K
}
Event: 64.736 GC heap before
{Heap before GC invocations=90 (full 3):
 PSYoungGen      total 17920K, used 17870K [0x00000000d5580000, 0x00000000d6f80000, 0x0000000100000000)
  eden space 16896K, 99% used [0x00000000d5580000,0x00000000d65f7e50,0x00000000d6600000)
  from space 1024K, 98% used [0x00000000d6980000,0x00000000d6a7bbd8,0x00000000d6a80000)
  to   space 3584K, 0% used [0x00000000d6600000,0x00000000d6600000,0x00000000d6980000)
 ParOldGen       total 90112K, used 69386K [0x0000000080000000, 0x0000000085800000, 0x00000000d5580000)
  object space 90112K, 77% used [0x0000000080000000,0x00000000843c2940,0x0000000085800000)
 Metaspace       used 60435K, committed 61952K, reserved 1114112K
  class space    used 6396K, committed 7104K, reserved 1048576K
}
Event: 64.763 GC heap after
{Heap after GC invocations=90 (full 3):
 PSYoungGen      total 17920K, used 559K [0x00000000d5580000, 0x00000000d6a00000, 0x0000000100000000)
  eden space 16896K, 0% used [0x00000000d5580000,0x00000000d5580000,0x00000000d6600000)
  from space 1024K, 54% used [0x00000000d6600000,0x00000000d668bff8,0x00000000d6700000)
  to   space 1536K, 0% used [0x00000000d6880000,0x00000000d6880000,0x00000000d6a00000)
 ParOldGen       total 90112K, used 70332K [0x0000000080000000, 0x0000000085800000, 0x00000000d5580000)
  object space 90112K, 78% used [0x0000000080000000,0x00000000844af220,0x0000000085800000)
 Metaspace       used 60435K, committed 61952K, reserved 1114112K
  class space    used 6396K, committed 7104K, reserved 1048576K
}
Event: 65.119 GC heap before
{Heap before GC invocations=91 (full 3):
 PSYoungGen      total 17920K, used 17455K [0x00000000d5580000, 0x00000000d6a00000, 0x0000000100000000)
  eden space 16896K, 100% used [0x00000000d5580000,0x00000000d6600000,0x00000000d6600000)
  from space 1024K, 54% used [0x00000000d6600000,0x00000000d668bff8,0x00000000d6700000)
  to   space 1536K, 0% used [0x00000000d6880000,0x00000000d6880000,0x00000000d6a00000)
 ParOldGen       total 90112K, used 70332K [0x0000000080000000, 0x0000000085800000, 0x00000000d5580000)
  object space 90112K, 78% used [0x0000000080000000,0x00000000844af220,0x0000000085800000)
 Metaspace       used 61718K, committed 63168K, reserved 1114112K
  class space    used 6508K, committed 7168K, reserved 1048576K
}
Event: 65.125 GC heap after
{Heap after GC invocations=91 (full 3):
 PSYoungGen      total 17920K, used 909K [0x00000000d5580000, 0x00000000d6980000, 0x0000000100000000)
  eden space 16896K, 0% used [0x00000000d5580000,0x00000000d5580000,0x00000000d6600000)
  from space 1024K, 88% used [0x00000000d6880000,0x00000000d6963438,0x00000000d6980000)
  to   space 1024K, 0% used [0x00000000d6600000,0x00000000d6600000,0x00000000d6700000)
 ParOldGen       total 90112K, used 70396K [0x0000000080000000, 0x0000000085800000, 0x00000000d5580000)
  object space 90112K, 78% used [0x0000000080000000,0x00000000844bf220,0x0000000085800000)
 Metaspace       used 61718K, committed 63168K, reserved 1114112K
  class space    used 6508K, committed 7168K, reserved 1048576K
}
Event: 66.369 GC heap before
{Heap before GC invocations=92 (full 3):
 PSYoungGen      total 17920K, used 17805K [0x00000000d5580000, 0x00000000d6980000, 0x0000000100000000)
  eden space 16896K, 100% used [0x00000000d5580000,0x00000000d6600000,0x00000000d6600000)
  from space 1024K, 88% used [0x00000000d6880000,0x00000000d6963438,0x00000000d6980000)
  to   space 1024K, 0% used [0x00000000d6600000,0x00000000d6600000,0x00000000d6700000)
 ParOldGen       total 90112K, used 70396K [0x0000000080000000, 0x0000000085800000, 0x00000000d5580000)
  object space 90112K, 78% used [0x0000000080000000,0x00000000844bf220,0x0000000085800000)
 Metaspace       used 62905K, committed 64448K, reserved 1114112K
  class space    used 6653K, committed 7296K, reserved 1048576K
}
Event: 66.373 GC heap after
{Heap after GC invocations=92 (full 3):
 PSYoungGen      total 17920K, used 1024K [0x00000000d5580000, 0x00000000d6a00000, 0x0000000100000000)
  eden space 16896K, 0% used [0x00000000d5580000,0x00000000d5580000,0x00000000d6600000)
  from space 1024K, 100% used [0x00000000d6600000,0x00000000d6700000,0x00000000d6700000)
  to   space 2048K, 0% used [0x00000000d6800000,0x00000000d6800000,0x00000000d6a00000)
 ParOldGen       total 90112K, used 71152K [0x0000000080000000, 0x0000000085800000, 0x00000000d5580000)
  object space 90112K, 78% used [0x0000000080000000,0x000000008457c0c8,0x0000000085800000)
 Metaspace       used 62905K, committed 64448K, reserved 1114112K
  class space    used 6653K, committed 7296K, reserved 1048576K
}
Event: 67.305 GC heap before
{Heap before GC invocations=93 (full 3):
 PSYoungGen      total 17920K, used 17920K [0x00000000d5580000, 0x00000000d6a00000, 0x0000000100000000)
  eden space 16896K, 100% used [0x00000000d5580000,0x00000000d6600000,0x00000000d6600000)
  from space 1024K, 100% used [0x00000000d6600000,0x00000000d6700000,0x00000000d6700000)
  to   space 2048K, 0% used [0x00000000d6800000,0x00000000d6800000,0x00000000d6a00000)
 ParOldGen       total 90112K, used 71152K [0x0000000080000000, 0x0000000085800000, 0x00000000d5580000)
  object space 90112K, 78% used [0x0000000080000000,0x000000008457c0c8,0x0000000085800000)
 Metaspace       used 63733K, committed 65280K, reserved 1114112K
  class space    used 6751K, committed 7424K, reserved 1048576K
}
Event: 67.310 GC heap after
{Heap after GC invocations=93 (full 3):
 PSYoungGen      total 18944K, used 1632K [0x00000000d5580000, 0x00000000d6a00000, 0x0000000100000000)
  eden space 16896K, 0% used [0x00000000d5580000,0x00000000d5580000,0x00000000d6600000)
  from space 2048K, 79% used [0x00000000d6800000,0x00000000d6998020,0x00000000d6a00000)
  to   space 2048K, 0% used [0x00000000d6600000,0x00000000d6600000,0x00000000d6800000)
 ParOldGen       total 90112K, used 72008K [0x0000000080000000, 0x0000000085800000, 0x00000000d5580000)
  object space 90112K, 79% used [0x0000000080000000,0x0000000084652108,0x0000000085800000)
 Metaspace       used 63733K, committed 65280K, reserved 1114112K
  class space    used 6751K, committed 7424K, reserved 1048576K
}
Event: 68.322 GC heap before
{Heap before GC invocations=94 (full 3):
 PSYoungGen      total 18944K, used 17684K [0x00000000d5580000, 0x00000000d6a00000, 0x0000000100000000)
  eden space 16896K, 95% used [0x00000000d5580000,0x00000000d652d230,0x00000000d6600000)
  from space 2048K, 79% used [0x00000000d6800000,0x00000000d6998020,0x00000000d6a00000)
  to   space 2048K, 0% used [0x00000000d6600000,0x00000000d6600000,0x00000000d6800000)
 ParOldGen       total 90112K, used 72008K [0x0000000080000000, 0x0000000085800000, 0x00000000d5580000)
  object space 90112K, 79% used [0x0000000080000000,0x0000000084652108,0x0000000085800000)
 Metaspace       used 64523K, committed 66112K, reserved 1114112K
  class space    used 6829K, committed 7488K, reserved 1048576K
}
Event: 68.326 GC heap after
{Heap after GC invocations=94 (full 3):
 PSYoungGen      total 18944K, used 2046K [0x00000000d5580000, 0x00000000d6e00000, 0x0000000100000000)
  eden space 16896K, 0% used [0x00000000d5580000,0x00000000d5580000,0x00000000d6600000)
  from space 2048K, 99% used [0x00000000d6600000,0x00000000d67ff9d0,0x00000000d6800000)
  to   space 4096K, 0% used [0x00000000d6a00000,0x00000000d6a00000,0x00000000d6e00000)
 ParOldGen       total 90112K, used 73527K [0x0000000080000000, 0x0000000085800000, 0x00000000d5580000)
  object space 90112K, 81% used [0x0000000080000000,0x00000000847cde48,0x0000000085800000)
 Metaspace       used 64523K, committed 66112K, reserved 1114112K
  class space    used 6829K, committed 7488K, reserved 1048576K
}
Event: 69.868 GC heap before
{Heap before GC invocations=95 (full 3):
 PSYoungGen      total 18944K, used 18942K [0x00000000d5580000, 0x00000000d6e00000, 0x0000000100000000)
  eden space 16896K, 100% used [0x00000000d5580000,0x00000000d6600000,0x00000000d6600000)
  from space 2048K, 99% used [0x00000000d6600000,0x00000000d67ff9d0,0x00000000d6800000)
  to   space 4096K, 0% used [0x00000000d6a00000,0x00000000d6a00000,0x00000000d6e00000)
 ParOldGen       total 90112K, used 73527K [0x0000000080000000, 0x0000000085800000, 0x00000000d5580000)
  object space 90112K, 81% used [0x0000000080000000,0x00000000847cde48,0x0000000085800000)
 Metaspace       used 64776K, committed 66368K, reserved 1114112K
  class space    used 6870K, committed 7552K, reserved 1048576K
}
Event: 69.871 GC heap after
{Heap after GC invocations=95 (full 3):
 PSYoungGen      total 18944K, used 1664K [0x00000000d5580000, 0x00000000d6c00000, 0x0000000100000000)
  eden space 16896K, 0% used [0x00000000d5580000,0x00000000d5580000,0x00000000d6600000)
  from space 2048K, 81% used [0x00000000d6a00000,0x00000000d6ba0000,0x00000000d6c00000)
  to   space 2560K, 0% used [0x00000000d6700000,0x00000000d6700000,0x00000000d6980000)
 ParOldGen       total 90112K, used 75215K [0x0000000080000000, 0x0000000085800000, 0x00000000d5580000)
  object space 90112K, 83% used [0x0000000080000000,0x0000000084973d40,0x0000000085800000)
 Metaspace       used 64776K, committed 66368K, reserved 1114112K
  class space    used 6870K, committed 7552K, reserved 1048576K
}
Event: 70.599 GC heap before
{Heap before GC invocations=96 (full 3):
 PSYoungGen      total 18944K, used 18559K [0x00000000d5580000, 0x00000000d6c00000, 0x0000000100000000)
  eden space 16896K, 99% used [0x00000000d5580000,0x00000000d65fffb8,0x00000000d6600000)
  from space 2048K, 81% used [0x00000000d6a00000,0x00000000d6ba0000,0x00000000d6c00000)
  to   space 2560K, 0% used [0x00000000d6700000,0x00000000d6700000,0x00000000d6980000)
 ParOldGen       total 90112K, used 75215K [0x0000000080000000, 0x0000000085800000, 0x00000000d5580000)
  object space 90112K, 83% used [0x0000000080000000,0x0000000084973d40,0x0000000085800000)
 Metaspace       used 65605K, committed 67136K, reserved 1114112K
  class space    used 6968K, committed 7616K, reserved 1048576K
}
Event: 70.602 GC heap after
{Heap after GC invocations=96 (full 3):
 PSYoungGen      total 18432K, used 1077K [0x00000000d5580000, 0x00000000d6a80000, 0x0000000100000000)
  eden space 16896K, 0% used [0x00000000d5580000,0x00000000d5580000,0x00000000d6600000)
  from space 1536K, 70% used [0x00000000d6700000,0x00000000d680d430,0x00000000d6880000)
  to   space 1536K, 0% used [0x00000000d6900000,0x00000000d6900000,0x00000000d6a80000)
 ParOldGen       total 90112K, used 76453K [0x0000000080000000, 0x0000000085800000, 0x00000000d5580000)
  object space 90112K, 84% used [0x0000000080000000,0x0000000084aa97b0,0x0000000085800000)
 Metaspace       used 65605K, committed 67136K, reserved 1114112K
  class space    used 6968K, committed 7616K, reserved 1048576K
}

